#
# There is insufficient memory for the Java Runtime Environment to continue.
# Native memory allocation (mmap) failed to map 130023424 bytes for G1 virtual space
# Possible reasons:
#   The system is out of physical RAM or swap space
#   The process is running with CompressedOops enabled, and the Java Heap may be blocking the growth of the native heap
# Possible solutions:
#   Reduce memory load on the system
#   Increase physical memory or swap space
#   Check if swap backing store is full
#   Decrease Java heap size (-Xmx/-Xms)
#   Decrease number of Java threads
#   Decrease Java thread stack sizes (-Xss)
#   Set larger code cache with -XX:ReservedCodeCacheSize=
#   JVM is running with Unscaled Compressed Oops mode in which the Java heap is
#     placed in the first 4GB address space. The Java Heap base address is the
#     maximum limit for the native heap growth. Please use -XX:HeapBaseMinAddress
#     to set the Java Heap base and to place the Java Heap above 4GB virtual address.
# This output file may be truncated or incomplete.
#
#  Out of Memory Error (os_windows.cpp:3771), pid=13096, tid=7208
#
# JRE version:  (17.0.7) (build )
# Java VM: OpenJDK 64-Bit Server VM (17.0.7+0-b2043.56-10550314, mixed mode, sharing, tiered, compressed oops, compressed class ptrs, g1 gc, windows-amd64)
# No core dump will be written. Minidumps are not enabled by default on client versions of Windows
#

---------------  S U M M A R Y ------------

Command Line: 

Host: 11th Gen Intel(R) Core(TM) i5-11300H @ 3.10GHz, 8 cores, 7G,  Windows 11 , 64 bit Build 22621 (10.0.22621.3672)
Time: Thu Jun 20 06:33:40 2024 SE Asia Standard Time elapsed time: 0.009910 seconds (0d 0h 0m 0s)

---------------  T H R E A D  ---------------

Current thread (0x0000015544f4e820):  JavaThread "Unknown thread" [_thread_in_vm, id=7208, stack(0x0000001051c00000,0x0000001051d00000)]

Stack: [0x0000001051c00000,0x0000001051d00000]
Native frames: (J=compiled Java code, j=interpreted, Vv=VM code, C=native code)
V  [jvm.dll+0x683bfa]
V  [jvm.dll+0x8430a4]
V  [jvm.dll+0x8449be]
V  [jvm.dll+0x845023]
V  [jvm.dll+0x24ad2f]
V  [jvm.dll+0x680ac9]
V  [jvm.dll+0x67519a]
V  [jvm.dll+0x30b3cb]
V  [jvm.dll+0x312876]
V  [jvm.dll+0x36221e]
V  [jvm.dll+0x36244f]
V  [jvm.dll+0x2e14a8]
V  [jvm.dll+0x2e2414]
V  [jvm.dll+0x814391]
V  [jvm.dll+0x36ffe1]
V  [jvm.dll+0x7f396c]
V  [jvm.dll+0x3f305f]
V  [jvm.dll+0x3f4b91]
C  [jli.dll+0x528f]
C  [ucrtbase.dll+0x29333]
C  [KERNEL32.DLL+0x1257d]
C  [ntdll.dll+0x5af28]


---------------  P R O C E S S  ---------------

Threads class SMR info:
_java_thread_list=0x00007fff9d22d098, length=0, elements={
}

Java Threads: ( => current thread )

Other Threads:
  0x0000015544fa7c60 GCTaskThread "GC Thread#0" [stack: 0x0000001051d00000,0x0000001051e00000] [id=6468]
  0x0000015544fb81a0 ConcurrentGCThread "G1 Main Marker" [stack: 0x0000001051e00000,0x0000001051f00000] [id=10508]
  0x0000015544fb9350 ConcurrentGCThread "G1 Conc#0" [stack: 0x0000001051f00000,0x0000001052000000] [id=1692]

[error occurred during error reporting (printing all threads), id 0xc0000005, EXCEPTION_ACCESS_VIOLATION (0xc0000005) at pc=0x00007fff9c9e2087]

VM state: not at safepoint (not fully initialized)

VM Mutex/Monitor currently owned by a thread:  ([mutex/lock_event])
[0x0000015544f4a110] Heap_lock - owner thread: 0x0000015544f4e820

Heap address: 0x0000000085000000, size: 1968 MB, Compressed Oops mode: 32-bit

CDS archive(s) mapped at: [0x0000000000000000-0x0000000000000000-0x0000000000000000), size 0, SharedBaseAddress: 0x0000000800000000, ArchiveRelocationMode: 0.
Narrow klass base: 0x0000000000000000, Narrow klass shift: 0, Narrow klass range: 0x0

GC Precious Log:
<Empty>

Heap:
 garbage-first heap   total 0K, used 0K [0x0000000085000000, 0x0000000100000000)
  region size 1024K, 0 young (0K), 0 survivors (0K)
 Metaspace       used 0K, committed 0K, reserved 0K
  class space    used 0K, committed 0K, reserved 0K

Heap Regions: E=young(eden), S=young(survivor), O=old, HS=humongous(starts), HC=humongous(continues), CS=collection set, F=free, OA=open archive, CA=closed archive, TAMS=top-at-mark-start (previous, next)

Card table byte_map: [0x0000015557b30000,0x0000015557f10000] _byte_map_base: 0x0000015557708000

Marking Bits (Prev, Next): (CMBitMap*) 0x0000015544fa8270, (CMBitMap*) 0x0000015544fa82b0
 Prev Bits: [0x00000155582f0000, 0x000001555a1b0000)
 Next Bits: [0x000001555a1b0000, 0x000001555c070000)

GC Heap History (0 events):
No events

Dll operation events (1 events):
Event: 0.006 Loaded shared library C:\Program Files\Android\Android Studio\jbr\bin\java.dll

Deoptimization events (0 events):
No events

Classes unloaded (0 events):
No events

Classes redefined (0 events):
No events

Internal exceptions (0 events):
No events

VM Operations (0 events):
No events

Events (0 events):
No events


Dynamic libraries:
0x00007ff7edf20000 - 0x00007ff7edf2a000 	C:\Program Files\Android\Android Studio\jbr\bin\java.EXE
0x00007ffff1a70000 - 0x00007ffff1c87000 	C:\WINDOWS\SYSTEM32\ntdll.dll
0x00007fffef8b0000 - 0x00007fffef974000 	C:\WINDOWS\System32\KERNEL32.DLL
0x00007fffef080000 - 0x00007fffef42c000 	C:\WINDOWS\System32\KERNELBASE.dll
0x00007fffeee40000 - 0x00007fffeef51000 	C:\WINDOWS\System32\ucrtbase.dll
0x00007fffe20a0000 - 0x00007fffe20b7000 	C:\Program Files\Android\Android Studio\jbr\bin\jli.dll
0x00007ffff1170000 - 0x00007ffff131e000 	C:\WINDOWS\System32\USER32.dll
0x00007fffeefd0000 - 0x00007fffeeff6000 	C:\WINDOWS\System32\win32u.dll
0x00007fffd7e20000 - 0x00007fffd80b3000 	C:\WINDOWS\WinSxS\amd64_microsoft.windows.common-controls_6595b64144ccf1df_6.0.22621.3672_none_2713b9d173822955\COMCTL32.dll
0x00007ffff0760000 - 0x00007ffff0789000 	C:\WINDOWS\System32\GDI32.dll
0x00007fffd77f0000 - 0x00007fffd780b000 	C:\Program Files\Android\Android Studio\jbr\bin\VCRUNTIME140.dll
0x00007fffefeb0000 - 0x00007fffeff57000 	C:\WINDOWS\System32\msvcrt.dll
0x00007fffef690000 - 0x00007fffef7a9000 	C:\WINDOWS\System32\gdi32full.dll
0x00007fffeeda0000 - 0x00007fffeee3a000 	C:\WINDOWS\System32\msvcp_win.dll
0x00007ffff1910000 - 0x00007ffff1941000 	C:\WINDOWS\System32\IMM32.DLL
0x00007fffe5040000 - 0x00007fffe504c000 	C:\Program Files\Android\Android Studio\jbr\bin\vcruntime140_1.dll
0x00007fffb0160000 - 0x00007fffb01ed000 	C:\Program Files\Android\Android Studio\jbr\bin\msvcp140.dll
0x00007fff9c6f0000 - 0x00007fff9d370000 	C:\Program Files\Android\Android Studio\jbr\bin\server\jvm.dll
0x00007fffefdd0000 - 0x00007fffefe82000 	C:\WINDOWS\System32\ADVAPI32.dll
0x00007fffefca0000 - 0x00007fffefd4a000 	C:\WINDOWS\System32\sechost.dll
0x00007fffef5a0000 - 0x00007fffef5c8000 	C:\WINDOWS\System32\bcrypt.dll
0x00007ffff1050000 - 0x00007ffff1165000 	C:\WINDOWS\System32\RPCRT4.dll
0x00007fffe9e80000 - 0x00007fffe9eb4000 	C:\WINDOWS\SYSTEM32\WINMM.dll
0x00007fffe56a0000 - 0x00007fffe56a9000 	C:\WINDOWS\SYSTEM32\WSOCK32.dll
0x00007fffefd50000 - 0x00007fffefdc1000 	C:\WINDOWS\System32\WS2_32.dll
0x00007fffe9e70000 - 0x00007fffe9e7a000 	C:\WINDOWS\SYSTEM32\VERSION.dll
0x00007fffedde0000 - 0x00007fffeddf8000 	C:\WINDOWS\SYSTEM32\kernel.appcore.dll
0x00007fffe2220000 - 0x00007fffe222a000 	C:\Program Files\Android\Android Studio\jbr\bin\jimage.dll
0x00007fffec620000 - 0x00007fffec852000 	C:\WINDOWS\SYSTEM32\DBGHELP.DLL
0x00007ffff1320000 - 0x00007ffff16a8000 	C:\WINDOWS\System32\combase.dll
0x00007ffff1950000 - 0x00007ffff1a27000 	C:\WINDOWS\System32\OLEAUT32.dll
0x00007fffc0930000 - 0x00007fffc0962000 	C:\WINDOWS\SYSTEM32\dbgcore.DLL
0x00007fffef000000 - 0x00007fffef07b000 	C:\WINDOWS\System32\bcryptPrimitives.dll
0x00007fffd75d0000 - 0x00007fffd75f5000 	C:\Program Files\Android\Android Studio\jbr\bin\java.dll

dbghelp: loaded successfully - version: 4.0.5 - missing functions: none
symbol engine: initialized successfully - sym options: 0x614 - pdb path: .;C:\Program Files\Android\Android Studio\jbr\bin;C:\WINDOWS\SYSTEM32;C:\WINDOWS\WinSxS\amd64_microsoft.windows.common-controls_6595b64144ccf1df_6.0.22621.3672_none_2713b9d173822955;C:\Program Files\Android\Android Studio\jbr\bin\server

VM Arguments:
java_command: <unknown>
java_class_path (initial): C:\Program Files\Java\jdk.18.0_202\lib\mysql-connector-java-5.1.49-bin.jar;.;
Launcher Type: SUN_STANDARD

[Global flags]
     intx CICompilerCount                          = 4                                         {product} {ergonomic}
     uint ConcGCThreads                            = 2                                         {product} {ergonomic}
     uint G1ConcRefinementThreads                  = 8                                         {product} {ergonomic}
   size_t G1HeapRegionSize                         = 1048576                                   {product} {ergonomic}
    uintx GCDrainStackTargetSize                   = 64                                        {product} {ergonomic}
   size_t InitialHeapSize                          = 130023424                                 {product} {ergonomic}
   size_t MarkStackSize                            = 4194304                                   {product} {ergonomic}
   size_t MaxHeapSize                              = 2063597568                                {product} {ergonomic}
   size_t MinHeapDeltaBytes                        = 1048576                                   {product} {ergonomic}
   size_t MinHeapSize                              = 8388608                                   {product} {ergonomic}
    uintx NonNMethodCodeHeapSize                   = 5839372                                {pd product} {ergonomic}
    uintx NonProfiledCodeHeapSize                  = 122909434                              {pd product} {ergonomic}
    uintx ProfiledCodeHeapSize                     = 122909434                              {pd product} {ergonomic}
    uintx ReservedCodeCacheSize                    = 251658240                              {pd product} {ergonomic}
     bool SegmentedCodeCache                       = true                                      {product} {ergonomic}
   size_t SoftMaxHeapSize                          = 2063597568                             {manageable} {ergonomic}
     bool UseCompressedClassPointers               = true                           {product lp64_product} {ergonomic}
     bool UseCompressedOops                        = true                           {product lp64_product} {ergonomic}
     bool UseG1GC                                  = true                                      {product} {ergonomic}
     bool UseLargePagesIndividualAllocation        = false                                  {pd product} {ergonomic}

Logging:
Log output configuration:
 #0: stdout all=warning uptime,level,tags
 #1: stderr all=off uptime,level,tags

Environment Variables:
CLASSPATH=C:\Program Files\Java\jdk.18.0_202\lib\mysql-connector-java-5.1.49-bin.jar;.;
PATH=D:\Anaconda;D:\Anaconda\Library\mingw-w64\bin;D:\Anaconda\Library\usr\bin;D:\Anaconda\Library\bin;D:\Anaconda\Scripts;D:\Anaconda\bin;D:\Anaconda\condabin;D:\Anaconda;D:\Anaconda\Library\mingw-w64\bin;D:\Anaconda\Library\usr\bin;D:\Anaconda\Library\bin;D:\Anaconda\Scripts;C:\Program Files (x86)\Common Files\Oracle\Java\javapath;C:\WINDOWS\system32;C:\WINDOWS;C:\WINDOWS\System32\Wbem;C:\WINDOWS\System32\WindowsPowerShell\v1.0;C:\WINDOWS\System32\OpenSSH;C:\Program Files\Git\cmd;C:\Program Files\IBM\SPSS\Statistics\23\JRE\bin;D:\Anaconda\Scripts;D:\Anaconda;C:\Program Files\nodejs;C:\Users\handi\AppData\Local\Microsoft\WindowsApps;C:\src\flutter\bin;C:\Users\handi\AppData\Roaming\npm;C:\Users\handi\AppData\Local\Programs\Microsoft VS Code\bin;C:\src\flutter\bin\mingit\cmd;C:\src\flutter\bin\mingit\cmd
USERNAME=AGUSWANTO
OS=Windows_NT
PROCESSOR_IDENTIFIER=Intel64 Family 6 Model 140 Stepping 1, GenuineIntel
TMP=C:\Users\handi\AppData\Local\Temp
TEMP=C:\Users\handi\AppData\Local\Temp


JNI global refs:
JNI global refs: 0, weak refs: 0

JNI global refs memory usage: 0, weak refs: 0

OOME stack traces (most recent first):
Classloader memory used:


---------------  S Y S T E M  ---------------

OS:
 Windows 11 , 64 bit Build 22621 (10.0.22621.3672)
OS uptime: 2 days 15:37 hours

CPU: total 8 (initial active 8) (4 cores per cpu, 2 threads per core) family 6 model 140 stepping 1 microcode 0x86, cx8, cmov, fxsr, ht, mmx, 3dnowpref, sse, sse2, sse3, ssse3, sse4.1, sse4.2, popcnt, lzcnt, tsc, tscinvbit, avx, avx2, aes, erms, clmul, bmi1, bmi2, adx, avx512f, avx512dq, avx512cd, avx512bw, avx512vl, sha, fma, vzeroupper, avx512_vpopcntdq, avx512_vpclmulqdq, avx512_vaes, avx512_vnni, clflush, clflushopt, clwb, avx512_vbmi2, avx512_vbmi

Memory: 4k page, system-wide physical 7871M (896M free)
TotalPageFile size 11696M (AvailPageFile size 83M)
current process WorkingSet (physical memory assigned to process): 11M, peak: 11M
current process commit charge ("private bytes"): 60M, peak: 184M

vm_info: OpenJDK 64-Bit Server VM (17.0.7+0-b2043.56-10550314) for windows-amd64 JRE (17.0.7+0-b2043.56-10550314), built on Jul 24 2023 18:27:45 by "androidbuild" with MS VC++ 16.10 / 16.11 (VS2019)

END.
